<?xml version="1.0" encoding="UTF-8"?>
<testsuite name="SILab2Test" tests="2" skipped="0" failures="0" errors="0" timestamp="2021-05-31T21:10:07" hostname="DESKTOP-IQROHL7" time="0.003">
  <properties/>
  <testcase name="EveryBranch" classname="SILab2Test" time="0.003"/>
  <testcase name="MultipleCondition" classname="SILab2Test" time="0.0"/>
  <system-out><![CDATA[]]></system-out>
  <system-err><![CDATA[]]></system-err>
</testsuite>
